 
New instance of bashtop version: 0.9.25 Pid: 74108
PSUTIL ERROR! Command: get_detailed_names_cmd(2)
psutil.NoSuchProcess no process found with pid 0
11:19:48 PM ERROR: On line 2673 
PSUTIL ERROR! Command: get_detailed_names_cmd(2)
psutil.NoSuchProcess no process found with pid 0
11:19:51 PM ERROR: On line 2673 (MUTED!)
PSUTIL ERROR! Command: get_detailed_names_cmd(2)
psutil.NoSuchProcess no process found with pid 0
PSUTIL ERROR! Command: get_detailed_names_cmd(2)
psutil.NoSuchProcess no process found with pid 0
PSUTIL ERROR! Command: get_detailed_names_cmd(2)
psutil.NoSuchProcess no process found with pid 0
PSUTIL ERROR! Command: get_detailed_names_cmd(2)
psutil.NoSuchProcess no process found with pid 0
PSUTIL ERROR! Command: get_detailed_names_cmd(2)
psutil.NoSuchProcess no process found with pid 0
PSUTIL ERROR! Command: get_detailed_names_cmd(2)
psutil.NoSuchProcess no process found with pid 0
PSUTIL ERROR! Command: get_detailed_names_cmd(2)
psutil.NoSuchProcess no process found with pid 0
PSUTIL ERROR! Command: get_detailed_names_cmd(2)
psutil.NoSuchProcess no process found with pid 0
PSUTIL ERROR! Command: get_detailed_names_cmd(2)
psutil.NoSuchProcess no process found with pid 0
PSUTIL ERROR! Command: get_detailed_names_cmd(2)
psutil.NoSuchProcess no process found with pid 0
 
New instance of bashtop version: 0.9.25 Pid: 52752
 
New instance of bashtop version: 0.9.25 Pid: 27734
 
New instance of bashtop version: 0.9.25 Pid: 38453
 
New instance of bashtop version: 0.9.25 Pid: 7700
 
New instance of bashtop version: 0.9.25 Pid: 17895
 
New instance of bashtop version: 0.9.25 Pid: 30819
 
New instance of bashtop version: 0.9.25 Pid: 39165
 
New instance of bashtop version: 0.9.25 Pid: 1415
 
New instance of bashtop version: 0.9.25 Pid: 3126
 
New instance of bashtop version: 0.9.25 Pid: 105527
 
New instance of bashtop version: 0.9.25 Pid: 104560
